2017-05-23 20:20:15,608: INFO - mpcs_utils (line 55): https://haoze.ucmpcs.org:4433/register
2017-05-23 20:23:33,722: INFO - mpcs_utils (line 55): https://haoze.ucmpcs.org:4433/register
2017-05-23 20:23:39,479: INFO - mpcs_utils (line 55): https://haoze.ucmpcs.org:4433/register
2017-05-23 20:26:52,323: INFO - mpcs_utils (line 55): https://haoze.ucmpcs.org:4433/register
2017-05-23 20:26:57,475: INFO - mpcs_utils (line 55): https://haoze.ucmpcs.org:4433/register
2017-05-23 20:35:08,784: INFO - mpcs_utils (line 77): https://haoze.ucmpcs.org:4433/register/0564b3292bf44c5a870676051a82cdcf
2017-05-23 20:35:11,467: INFO - mpcs_utils (line 94): https://haoze.ucmpcs.org:4433/login
2017-05-23 20:35:24,126: INFO - mpcs_utils (line 94): https://haoze.ucmpcs.org:4433/login
2017-05-23 20:35:48,646: INFO - mpcs_utils (line 94): https://haoze.ucmpcs.org:4433/login
2017-05-23 20:35:52,479: INFO - mpcs_utils (line 94): https://haoze.ucmpcs.org:4433/login
2017-05-23 20:36:14,339: INFO - mpcs_utils (line 55): https://haoze.ucmpcs.org:4433/register
2017-05-23 20:36:36,094: INFO - mpcs_utils (line 55): https://haoze.ucmpcs.org:4433/register
2017-05-23 20:36:58,576: INFO - mpcs_utils (line 77): https://haoze.ucmpcs.org:4433/register/a83ff2c558eb44ab8c7970a6b13595fa
2017-05-23 20:37:01,544: INFO - mpcs_utils (line 94): https://haoze.ucmpcs.org:4433/login
2017-05-23 20:37:11,138: INFO - mpcs_utils (line 94): https://haoze.ucmpcs.org:4433/login
2017-05-23 20:37:16,520: INFO - mpcs_utils (line 112): https://haoze.ucmpcs.org:4433/logout
2017-05-23 20:37:16,553: INFO - mpcs_utils (line 94): https://haoze.ucmpcs.org:4433/login
2017-05-23 20:37:18,037: INFO - mpcs_utils (line 94): https://haoze.ucmpcs.org:4433/login
2017-05-23 20:37:26,956: INFO - mpcs_utils (line 94): https://haoze.ucmpcs.org:4433/login
2017-05-24 11:00:11,449: INFO - mpcs_utils (line 112): https://haoze.ucmpcs.org:4433/logout
2017-05-24 11:00:11,492: INFO - mpcs_utils (line 94): https://haoze.ucmpcs.org:4433/login
2017-05-24 11:00:22,074: INFO - mpcs_utils (line 94): https://haoze.ucmpcs.org:4433/login
2017-05-24 11:00:30,818: INFO - mpcs_utils (line 94): https://haoze.ucmpcs.org:4433/login
2017-05-24 11:00:36,120: INFO - mpcs_utils (line 94): https://haoze.ucmpcs.org:4433/login
2017-05-24 11:00:50,783: INFO - mpcs_utils (line 94): https://haoze.ucmpcs.org:4433/login
2017-05-24 11:01:10,469: INFO - mpcs_utils (line 55): https://haoze.ucmpcs.org:4433/register
2017-05-24 15:46:19,428: INFO - mpcs_utils (line 112): https://haoze.ucmpcs.org:4433/logout
2017-05-24 15:46:19,593: INFO - mpcs_utils (line 94): https://haoze.ucmpcs.org:4433/login
2017-05-24 15:46:21,591: INFO - mpcs_utils (line 94): https://haoze.ucmpcs.org:4433/login
2017-05-24 15:46:33,002: INFO - mpcs_utils (line 55): https://haoze.ucmpcs.org:4433/register
2017-05-24 16:05:35,631: INFO - mpcs_utils (line 55): https://haoze.ucmpcs.org:4433/register
2017-05-24 16:10:03,443: INFO - mpcs_utils (line 94): https://haoze.ucmpcs.org:4433/login
2017-05-24 16:10:12,236: INFO - mpcs_utils (line 94): https://haoze.ucmpcs.org:4433/login
2017-05-24 16:16:11,772: INFO - mpcs_utils (line 233): https://haoze.ucmpcs.org:4433/annotations
2017-05-24 16:18:36,786: INFO - mpcs_utils (line 55): https://haoze.ucmpcs.org:4433/register
2017-05-24 16:18:40,132: INFO - mpcs_utils (line 112): https://haoze.ucmpcs.org:4433/logout
2017-05-24 16:18:40,165: INFO - mpcs_utils (line 94): https://haoze.ucmpcs.org:4433/login
2017-05-24 16:18:41,829: INFO - mpcs_utils (line 94): https://haoze.ucmpcs.org:4433/login
2017-05-24 16:18:48,009: INFO - mpcs_utils (line 233): https://haoze.ucmpcs.org:4433/annotations
2017-05-24 16:20:22,356: INFO - mpcs_utils (line 94): https://haoze.ucmpcs.org:4433/login
2017-05-24 16:20:25,562: INFO - mpcs_utils (line 94): https://haoze.ucmpcs.org:4433/login
2017-05-24 16:20:52,318: INFO - mpcs_utils (line 112): https://haoze.ucmpcs.org:4433/logout
2017-05-24 16:20:52,351: INFO - mpcs_utils (line 94): https://haoze.ucmpcs.org:4433/login
2017-05-24 16:20:58,364: INFO - mpcs_utils (line 94): https://haoze.ucmpcs.org:4433/login
2017-05-24 16:21:03,517: INFO - mpcs_utils (line 94): https://haoze.ucmpcs.org:4433/login
2017-05-24 16:21:11,589: INFO - mpcs_utils (line 94): https://haoze.ucmpcs.org:4433/login
2017-05-24 16:30:48,092: INFO - mpcs_utils (line 112): https://haoze.ucmpcs.org:4433/logout
2017-05-24 16:30:48,135: INFO - mpcs_utils (line 94): https://haoze.ucmpcs.org:4433/login
2017-05-24 23:11:12,600: INFO - mpcs_utils (line 94): https://haoze.ucmpcs.org:4433/login
2017-05-24 23:11:18,786: INFO - mpcs_utils (line 94): https://haoze.ucmpcs.org:4433/login
2017-05-24 23:11:26,517: INFO - mpcs_utils (line 94): https://haoze.ucmpcs.org:4433/login
2017-05-24 23:11:34,599: INFO - mpcs_utils (line 94): https://haoze.ucmpcs.org:4433/login
2017-05-24 23:11:37,262: INFO - mpcs_utils (line 94): https://haoze.ucmpcs.org:4433/login
2017-05-24 23:11:40,630: INFO - mpcs_utils (line 94): https://haoze.ucmpcs.org:4433/login
2017-05-24 23:11:52,938: INFO - mpcs_utils (line 94): https://haoze.ucmpcs.org:4433/login
2017-05-24 23:12:40,384: INFO - mpcs_utils (line 112): https://haoze.ucmpcs.org:4433/logout
2017-05-24 23:12:40,569: INFO - mpcs_utils (line 94): https://haoze.ucmpcs.org:4433/login
2017-05-24 23:12:45,890: INFO - mpcs_utils (line 94): https://haoze.ucmpcs.org:4433/login
2017-05-24 23:16:56,827: INFO - mpcs_utils (line 94): https://haoze.ucmpcs.org:4433/login
2017-05-24 23:16:59,096: INFO - mpcs_utils (line 94): https://haoze.ucmpcs.org:4433/login
2017-05-24 23:17:02,030: INFO - mpcs_utils (line 234): https://haoze.ucmpcs.org:4433/annotations
2017-05-24 23:18:53,121: INFO - mpcs_utils (line 237): https://haoze.ucmpcs.org:4433/annotations
2017-05-24 23:18:53,175: INFO - mpcs_utils (line 94): https://haoze.ucmpcs.org:4433/login
2017-05-25 14:56:58,204: INFO - mpcs_utils (line 94): https://haoze.ucmpcs.org:4433/login
2017-05-25 14:57:04,293: INFO - mpcs_utils (line 234): https://haoze.ucmpcs.org:4433/annotations
2017-05-25 14:57:52,905: INFO - mpcs_utils (line 94): https://haoze.ucmpcs.org:4433/login
2017-05-25 14:57:59,527: INFO - mpcs_utils (line 234): https://haoze.ucmpcs.org:4433/annotations
2017-05-25 14:59:04,818: INFO - mpcs_utils (line 234): https://haoze.ucmpcs.org:4433/annotations
2017-05-25 15:12:58,180: INFO - mpcs_utils (line 234): https://haoze.ucmpcs.org:4433/annotations
2017-05-25 15:16:49,940: INFO - mpcs_utils (line 234): https://haoze.ucmpcs.org:4433/annotations
2017-05-25 15:18:22,971: INFO - mpcs_utils (line 234): https://haoze.ucmpcs.org:4433/annotations
2017-05-25 15:18:53,794: INFO - mpcs_utils (line 55): https://haoze.ucmpcs.org:4433/register
2017-05-25 15:18:58,826: INFO - mpcs_utils (line 234): https://haoze.ucmpcs.org:4433/annotations
2017-05-25 15:19:00,068: INFO - mpcs_utils (line 55): https://haoze.ucmpcs.org:4433/register
2017-05-25 15:19:01,269: INFO - mpcs_utils (line 234): https://haoze.ucmpcs.org:4433/annotations
2017-05-25 15:20:54,323: INFO - mpcs_utils (line 234): https://haoze.ucmpcs.org:4433/annotations
2017-05-25 15:41:23,090: INFO - mpcs_utils (line 234): https://haoze.ucmpcs.org:4433/annotations
2017-05-25 15:42:37,352: INFO - mpcs_utils (line 160): https://haoze.ucmpcs.org:4433/annotate
2017-05-25 15:55:07,173: INFO - mpcs_utils (line 55): https://haoze.ucmpcs.org:4433/register
2017-05-25 15:55:15,087: INFO - mpcs_utils (line 55): https://haoze.ucmpcs.org:4433/register
2017-05-25 15:55:17,286: INFO - mpcs_utils (line 55): https://haoze.ucmpcs.org:4433/register
2017-05-25 16:05:24,269: INFO - mpcs_utils (line 259): https://haoze.ucmpcs.org:4433/annotations
2017-05-25 16:07:26,059: INFO - mpcs_utils (line 259): https://haoze.ucmpcs.org:4433/annotations
2017-05-25 16:07:28,298: INFO - mpcs_utils (line 259): https://haoze.ucmpcs.org:4433/annotations
2017-05-25 16:09:02,737: INFO - mpcs_utils (line 259): https://haoze.ucmpcs.org:4433/annotations
2017-05-25 16:09:05,514: INFO - mpcs_utils (line 259): https://haoze.ucmpcs.org:4433/annotations
2017-05-25 16:09:06,498: INFO - mpcs_utils (line 160): https://haoze.ucmpcs.org:4433/annotate
2017-05-25 16:13:06,723: INFO - mpcs_utils (line 160): https://haoze.ucmpcs.org:4433/annotate
2017-05-25 16:16:03,823: INFO - mpcs_utils (line 160): https://haoze.ucmpcs.org:4433/annotate
2017-05-25 16:16:03,825: INFO - mpcs_utils (line 160): https://haoze.ucmpcs.org:4433/annotate
2017-05-25 16:19:48,314: INFO - mpcs_utils (line 160): https://haoze.ucmpcs.org:4433/annotate
2017-05-25 16:27:28,296: INFO - mpcs_utils (line 160): https://haoze.ucmpcs.org:4433/annotate
2017-05-25 16:32:23,154: INFO - mpcs_utils (line 160): https://haoze.ucmpcs.org:4433/annotate
2017-05-25 16:43:23,667: INFO - mpcs_utils (line 160): https://haoze.ucmpcs.org:4433/annotate
2017-05-25 16:51:57,653: INFO - mpcs_utils (line 259): https://haoze.ucmpcs.org:4433/annotations
2017-05-25 16:52:00,065: INFO - mpcs_utils (line 160): https://haoze.ucmpcs.org:4433/annotate
2017-05-25 16:52:33,696: INFO - mpcs_utils (line 259): https://haoze.ucmpcs.org:4433/annotations
2017-05-25 16:52:46,088: INFO - mpcs_utils (line 259): https://haoze.ucmpcs.org:4433/annotations
2017-05-25 16:52:47,986: INFO - mpcs_utils (line 160): https://haoze.ucmpcs.org:4433/annotate
2017-05-25 17:09:51,951: INFO - mpcs_utils (line 259): https://haoze.ucmpcs.org:4433/annotations
2017-05-25 17:09:55,348: INFO - mpcs_utils (line 160): https://haoze.ucmpcs.org:4433/annotate
2017-05-25 17:22:01,506: INFO - mpcs_utils (line 259): https://haoze.ucmpcs.org:4433/annotations
2017-05-25 17:23:45,664: INFO - mpcs_utils (line 259): https://haoze.ucmpcs.org:4433/annotations
2017-05-25 17:23:48,435: INFO - mpcs_utils (line 160): https://haoze.ucmpcs.org:4433/annotate
2017-05-25 17:53:39,743: INFO - mpcs_utils (line 259): https://haoze.ucmpcs.org:4433/annotations
2017-05-25 17:53:41,038: INFO - mpcs_utils (line 160): https://haoze.ucmpcs.org:4433/annotate
2017-05-25 19:16:02,391: INFO - mpcs_utils (line 259): https://haoze.ucmpcs.org:4433/annotations
2017-05-25 19:16:20,560: INFO - mpcs_utils (line 259): https://haoze.ucmpcs.org:4433/annotations
2017-05-25 19:20:54,861: INFO - mpcs_utils (line 259): https://haoze.ucmpcs.org:4433/annotations
2017-05-25 19:22:19,308: INFO - mpcs_utils (line 259): https://haoze.ucmpcs.org:4433/annotations
2017-05-25 19:27:03,219: INFO - mpcs_utils (line 259): https://haoze.ucmpcs.org:4433/annotations
2017-05-25 19:33:14,589: INFO - mpcs_utils (line 259): https://haoze.ucmpcs.org:4433/annotations
2017-05-25 19:38:53,447: INFO - mpcs_utils (line 259): https://haoze.ucmpcs.org:4433/annotations
2017-05-25 19:40:51,822: INFO - mpcs_utils (line 259): https://haoze.ucmpcs.org:4433/annotations
2017-05-25 19:44:02,264: INFO - mpcs_utils (line 259): https://haoze.ucmpcs.org:4433/annotations
2017-05-25 19:46:00,077: INFO - mpcs_utils (line 259): https://haoze.ucmpcs.org:4433/annotations
2017-05-25 19:48:19,418: INFO - mpcs_utils (line 259): https://haoze.ucmpcs.org:4433/annotations
2017-05-25 19:48:36,719: INFO - mpcs_utils (line 259): https://haoze.ucmpcs.org:4433/annotations
2017-05-25 19:50:46,716: INFO - mpcs_utils (line 259): https://haoze.ucmpcs.org:4433/annotations
2017-05-25 19:53:11,843: INFO - mpcs_utils (line 259): https://haoze.ucmpcs.org:4433/annotations
2017-05-25 19:56:38,305: INFO - mpcs_utils (line 259): https://haoze.ucmpcs.org:4433/annotations
2017-05-25 19:59:19,834: INFO - mpcs_utils (line 259): https://haoze.ucmpcs.org:4433/annotations
2017-05-25 20:02:23,531: INFO - mpcs_utils (line 259): https://haoze.ucmpcs.org:4433/annotations
2017-05-25 20:06:29,227: INFO - mpcs_utils (line 259): https://haoze.ucmpcs.org:4433/annotations
2017-05-25 20:07:46,195: INFO - mpcs_utils (line 259): https://haoze.ucmpcs.org:4433/annotations
2017-05-25 20:11:41,211: INFO - mpcs_utils (line 259): https://haoze.ucmpcs.org:4433/annotations
2017-05-25 20:11:47,004: INFO - mpcs_utils (line 259): https://haoze.ucmpcs.org:4433/annotations
2017-05-25 20:13:08,941: INFO - mpcs_utils (line 259): https://haoze.ucmpcs.org:4433/annotations
2017-05-25 20:14:20,952: INFO - mpcs_utils (line 259): https://haoze.ucmpcs.org:4433/annotations
2017-05-25 20:15:00,571: INFO - mpcs_utils (line 259): https://haoze.ucmpcs.org:4433/annotations
2017-05-25 20:16:22,627: INFO - mpcs_utils (line 259): https://haoze.ucmpcs.org:4433/annotations
2017-05-25 20:20:11,433: INFO - mpcs_utils (line 259): https://haoze.ucmpcs.org:4433/annotations
2017-05-25 20:25:43,170: INFO - mpcs_utils (line 259): https://haoze.ucmpcs.org:4433/annotations
2017-05-25 22:26:06,499: INFO - mpcs_utils (line 259): https://haoze.ucmpcs.org:4433/annotations
2017-05-25 22:26:10,821: INFO - mpcs_utils (line 259): https://haoze.ucmpcs.org:4433/annotations
2017-05-25 22:27:27,469: INFO - mpcs_utils (line 259): https://haoze.ucmpcs.org:4433/annotations
2017-05-25 22:33:31,786: INFO - mpcs_utils (line 259): https://haoze.ucmpcs.org:4433/annotations
2017-05-25 22:33:40,534: INFO - mpcs_utils (line 259): https://haoze.ucmpcs.org:4433/annotations
2017-05-25 22:40:31,332: INFO - mpcs_utils (line 259): https://haoze.ucmpcs.org:4433/annotations
2017-05-25 22:42:32,435: INFO - mpcs_utils (line 259): https://haoze.ucmpcs.org:4433/annotations
2017-05-25 22:45:07,770: INFO - mpcs_utils (line 259): https://haoze.ucmpcs.org:4433/annotations
2017-05-25 23:25:42,230: INFO - mpcs_utils (line 259): https://haoze.ucmpcs.org:4433/annotations
2017-05-25 23:26:26,452: INFO - mpcs_utils (line 160): https://haoze.ucmpcs.org:4433/annotate
2017-05-25 23:31:05,838: INFO - mpcs_utils (line 259): https://haoze.ucmpcs.org:4433/annotations
2017-05-25 23:37:48,933: INFO - mpcs_utils (line 259): https://haoze.ucmpcs.org:4433/annotations
2017-05-25 23:40:50,233: INFO - mpcs_utils (line 259): https://haoze.ucmpcs.org:4433/annotations
2017-05-25 23:41:22,415: INFO - mpcs_utils (line 259): https://haoze.ucmpcs.org:4433/annotations
2017-05-25 23:42:10,661: INFO - mpcs_utils (line 259): https://haoze.ucmpcs.org:4433/annotations
2017-05-25 23:43:46,354: INFO - mpcs_utils (line 259): https://haoze.ucmpcs.org:4433/annotations
2017-05-25 23:44:34,102: INFO - mpcs_utils (line 259): https://haoze.ucmpcs.org:4433/annotations
2017-05-25 23:49:30,846: INFO - mpcs_utils (line 259): https://haoze.ucmpcs.org:4433/annotations
2017-05-25 23:50:46,321: INFO - mpcs_utils (line 259): https://haoze.ucmpcs.org:4433/annotations
2017-05-25 23:51:05,793: INFO - mpcs_utils (line 259): https://haoze.ucmpcs.org:4433/annotations
2017-05-26 00:02:08,415: INFO - mpcs_utils (line 259): https://haoze.ucmpcs.org:4433/annotations
2017-05-26 00:03:11,857: INFO - mpcs_utils (line 160): https://haoze.ucmpcs.org:4433/annotate
2017-05-26 01:08:55,658: INFO - mpcs_utils (line 259): https://haoze.ucmpcs.org:4433/annotations
2017-05-26 01:10:36,232: INFO - mpcs_utils (line 259): https://haoze.ucmpcs.org:4433/annotations
2017-05-26 01:26:41,671: INFO - mpcs_utils (line 259): https://haoze.ucmpcs.org:4433/annotations
2017-05-26 01:51:51,157: INFO - mpcs_utils (line 259): https://haoze.ucmpcs.org:4433/annotations
2017-05-26 01:57:12,908: INFO - mpcs_utils (line 259): https://haoze.ucmpcs.org:4433/annotations
2017-05-26 02:00:24,455: INFO - mpcs_utils (line 259): https://haoze.ucmpcs.org:4433/annotations
2017-05-26 02:00:39,573: INFO - mpcs_utils (line 259): https://haoze.ucmpcs.org:4433/annotations
2017-05-26 02:53:26,831: INFO - mpcs_utils (line 259): https://haoze.ucmpcs.org:4433/annotations
2017-05-26 02:53:29,166: INFO - mpcs_utils (line 275): https://haoze.ucmpcs.org:4433/annotations/9b7e12c2-fb2f-4b7f-a2b5-f395dab5203f
2017-05-26 03:23:30,449: INFO - mpcs_utils (line 160): https://haoze.ucmpcs.org:4433/annotate
2017-05-26 03:23:38,665: INFO - mpcs_utils (line 259): https://haoze.ucmpcs.org:4433/annotations
2017-05-26 03:24:01,811: INFO - mpcs_utils (line 259): https://haoze.ucmpcs.org:4433/annotations
2017-05-26 03:24:03,181: INFO - mpcs_utils (line 160): https://haoze.ucmpcs.org:4433/annotate
2017-05-26 03:24:05,579: INFO - mpcs_utils (line 275): https://haoze.ucmpcs.org:4433/annotations/9b7e12c2-fb2f-4b7f-a2b5-f395dab5203f
2017-05-26 16:01:48,854: INFO - mpcs_utils (line 94): https://haoze.ucmpcs.org:4433/login
2017-05-26 16:01:53,625: INFO - mpcs_utils (line 259): https://haoze.ucmpcs.org:4433/annotations
2017-05-26 16:01:56,111: INFO - mpcs_utils (line 275): https://haoze.ucmpcs.org:4433/annotations/9b7e12c2-fb2f-4b7f-a2b5-f395dab5203f
2017-05-26 16:05:13,808: INFO - mpcs_utils (line 259): https://haoze.ucmpcs.org:4433/annotations
2017-05-26 16:05:15,098: INFO - mpcs_utils (line 275): https://haoze.ucmpcs.org:4433/annotations/9b7e12c2-fb2f-4b7f-a2b5-f395dab5203f
2017-05-26 16:10:20,778: INFO - mpcs_utils (line 259): https://haoze.ucmpcs.org:4433/annotations
2017-05-26 16:10:22,418: INFO - mpcs_utils (line 275): https://haoze.ucmpcs.org:4433/annotations/9b7e12c2-fb2f-4b7f-a2b5-f395dab5203f
2017-05-26 17:52:59,682: INFO - mpcs_utils (line 259): https://haoze.ucmpcs.org:4433/annotations
2017-05-26 17:53:01,105: INFO - mpcs_utils (line 275): https://haoze.ucmpcs.org:4433/annotations/9b7e12c2-fb2f-4b7f-a2b5-f395dab5203f
2017-05-26 17:55:24,916: INFO - mpcs_utils (line 259): https://haoze.ucmpcs.org:4433/annotations
2017-05-26 17:55:26,696: INFO - mpcs_utils (line 275): https://haoze.ucmpcs.org:4433/annotations/9b7e12c2-fb2f-4b7f-a2b5-f395dab5203f
2017-05-26 17:55:35,037: INFO - mpcs_utils (line 259): https://haoze.ucmpcs.org:4433/annotations
2017-05-26 17:55:36,514: INFO - mpcs_utils (line 275): https://haoze.ucmpcs.org:4433/annotations/9b7e12c2-fb2f-4b7f-a2b5-f395dab5203f
2017-05-26 17:55:37,360: INFO - mpcs_utils (line 259): https://haoze.ucmpcs.org:4433/annotations
2017-05-26 17:57:57,293: INFO - mpcs_utils (line 259): https://haoze.ucmpcs.org:4433/annotations
2017-05-26 17:57:58,952: INFO - mpcs_utils (line 275): https://haoze.ucmpcs.org:4433/annotations/9b7e12c2-fb2f-4b7f-a2b5-f395dab5203f
2017-05-26 17:59:52,643: INFO - mpcs_utils (line 275): https://haoze.ucmpcs.org:4433/annotations/9b7e12c2-fb2f-4b7f-a2b5-f395dab5203f
2017-05-26 17:59:54,840: INFO - mpcs_utils (line 259): https://haoze.ucmpcs.org:4433/annotations
2017-05-26 17:59:56,064: INFO - mpcs_utils (line 275): https://haoze.ucmpcs.org:4433/annotations/9b7e12c2-fb2f-4b7f-a2b5-f395dab5203f
2017-05-26 18:02:56,459: INFO - mpcs_utils (line 275): https://haoze.ucmpcs.org:4433/annotations/9b7e12c2-fb2f-4b7f-a2b5-f395dab5203f
2017-05-26 18:17:31,283: INFO - mpcs_utils (line 259): https://haoze.ucmpcs.org:4433/annotations
2017-05-26 18:17:32,938: INFO - mpcs_utils (line 275): https://haoze.ucmpcs.org:4433/annotations/9b7e12c2-fb2f-4b7f-a2b5-f395dab5203f
2017-05-26 18:18:01,730: INFO - mpcs_utils (line 259): https://haoze.ucmpcs.org:4433/annotations
2017-05-26 18:18:06,595: INFO - mpcs_utils (line 160): https://haoze.ucmpcs.org:4433/annotate
2017-05-26 18:18:19,035: INFO - mpcs_utils (line 275): https://haoze.ucmpcs.org:4433/annotations/6b369e05-d145-4d43-983b-814315a75c7d
2017-05-26 18:18:59,102: INFO - mpcs_utils (line 275): https://haoze.ucmpcs.org:4433/annotations/6b369e05-d145-4d43-983b-814315a75c7d
2017-05-26 18:20:24,391: INFO - mpcs_utils (line 275): https://haoze.ucmpcs.org:4433/annotations/6b369e05-d145-4d43-983b-814315a75c7d
2017-05-26 18:20:26,581: INFO - mpcs_utils (line 275): https://haoze.ucmpcs.org:4433/annotations/6b369e05-d145-4d43-983b-814315a75c7d
2017-05-26 18:20:29,116: INFO - mpcs_utils (line 275): https://haoze.ucmpcs.org:4433/annotations/6b369e05-d145-4d43-983b-814315a75c7d
2017-05-26 18:20:58,736: INFO - mpcs_utils (line 259): https://haoze.ucmpcs.org:4433/annotations
2017-05-26 18:21:05,530: INFO - mpcs_utils (line 275): https://haoze.ucmpcs.org:4433/annotations/6b369e05-d145-4d43-983b-814315a75c7d
2017-05-26 18:21:10,289: INFO - mpcs_utils (line 259): https://haoze.ucmpcs.org:4433/annotations
2017-05-26 18:21:12,174: INFO - mpcs_utils (line 259): https://haoze.ucmpcs.org:4433/annotations
2017-05-26 19:30:28,851: INFO - mpcs_utils (line 275): https://haoze.ucmpcs.org:4433/annotations/6b369e05-d145-4d43-983b-814315a75c7d
2017-05-26 19:30:32,475: INFO - mpcs_utils (line 275): https://haoze.ucmpcs.org:4433/annotations/9b7e12c2-fb2f-4b7f-a2b5-f395dab5203f
2017-05-26 19:30:35,226: INFO - mpcs_utils (line 275): https://haoze.ucmpcs.org:4433/annotations/425ce581-68fb-4581-9935-e4eec1c82f2d
2017-05-26 21:25:12,395: INFO - mpcs_utils (line 259): https://haoze.ucmpcs.org:4433/annotations
2017-05-26 21:25:15,211: INFO - mpcs_utils (line 275): https://haoze.ucmpcs.org:4433/annotations/6b369e05-d145-4d43-983b-814315a75c7d
2017-05-26 21:34:06,227: INFO - mpcs_utils (line 275): https://haoze.ucmpcs.org:4433/annotations/6b369e05-d145-4d43-983b-814315a75c7d
2017-05-26 21:34:10,431: INFO - mpcs_utils (line 275): https://haoze.ucmpcs.org:4433/annotations/6b369e05-d145-4d43-983b-814315a75c7d
2017-05-26 21:35:14,654: INFO - mpcs_utils (line 275): https://haoze.ucmpcs.org:4433/annotations/6b369e05-d145-4d43-983b-814315a75c7d
2017-05-26 21:36:19,795: INFO - mpcs_utils (line 275): https://haoze.ucmpcs.org:4433/annotations/6b369e05-d145-4d43-983b-814315a75c7d
2017-05-26 22:32:52,531: INFO - mpcs_utils (line 275): https://haoze.ucmpcs.org:4433/annotations/6b369e05-d145-4d43-983b-814315a75c7d
2017-05-26 22:33:41,747: INFO - mpcs_utils (line 259): https://haoze.ucmpcs.org:4433/annotations
2017-05-26 22:33:44,145: INFO - mpcs_utils (line 259): https://haoze.ucmpcs.org:4433/annotations
2017-05-26 22:33:46,114: INFO - mpcs_utils (line 275): https://haoze.ucmpcs.org:4433/annotations/9b7e12c2-fb2f-4b7f-a2b5-f395dab5203f
2017-05-26 22:33:50,308: INFO - mpcs_utils (line 275): https://haoze.ucmpcs.org:4433/annotations/6b369e05-d145-4d43-983b-814315a75c7d
2017-05-26 22:34:03,137: INFO - mpcs_utils (line 275): https://haoze.ucmpcs.org:4433/annotations/6b369e05-d145-4d43-983b-814315a75c7d
2017-05-26 22:34:28,062: INFO - mpcs_utils (line 275): https://haoze.ucmpcs.org:4433/annotations/9b7e12c2-fb2f-4b7f-a2b5-f395dab5203f
2017-05-26 22:35:48,568: INFO - mpcs_utils (line 259): https://haoze.ucmpcs.org:4433/annotations
2017-05-26 22:35:50,208: INFO - mpcs_utils (line 275): https://haoze.ucmpcs.org:4433/annotations/9b7e12c2-fb2f-4b7f-a2b5-f395dab5203f
2017-05-26 22:36:52,064: INFO - mpcs_utils (line 275): https://haoze.ucmpcs.org:4433/annotations/9b7e12c2-fb2f-4b7f-a2b5-f395dab5203f
2017-05-26 22:37:53,314: INFO - mpcs_utils (line 259): https://haoze.ucmpcs.org:4433/annotations
2017-05-26 22:37:54,635: INFO - mpcs_utils (line 275): https://haoze.ucmpcs.org:4433/annotations/9b7e12c2-fb2f-4b7f-a2b5-f395dab5203f
2017-05-26 23:00:15,920: INFO - mpcs_utils (line 275): https://haoze.ucmpcs.org:4433/annotations/9b7e12c2-fb2f-4b7f-a2b5-f395dab5203f
2017-05-26 23:04:58,589: INFO - mpcs_utils (line 259): https://haoze.ucmpcs.org:4433/annotations
2017-05-26 23:05:00,418: INFO - mpcs_utils (line 275): https://haoze.ucmpcs.org:4433/annotations/9b7e12c2-fb2f-4b7f-a2b5-f395dab5203f
2017-05-26 23:12:33,798: INFO - mpcs_utils (line 275): https://haoze.ucmpcs.org:4433/annotations/9b7e12c2-fb2f-4b7f-a2b5-f395dab5203f
2017-05-27 01:43:51,124: INFO - mpcs_utils (line 275): https://haoze.ucmpcs.org:4433/annotations/9b7e12c2-fb2f-4b7f-a2b5-f395dab5203f
2017-05-27 01:49:32,760: INFO - mpcs_utils (line 275): https://haoze.ucmpcs.org:4433/annotations/9b7e12c2-fb2f-4b7f-a2b5-f395dab5203f
2017-05-27 03:07:41,753: INFO - mpcs_utils (line 275): https://haoze.ucmpcs.org:4433/annotations/9b7e12c2-fb2f-4b7f-a2b5-f395dab5203f
2017-05-27 03:23:01,503: INFO - mpcs_utils (line 275): https://haoze.ucmpcs.org:4433/annotations/9b7e12c2-fb2f-4b7f-a2b5-f395dab5203f
2017-05-27 03:23:04,177: INFO - mpcs_utils (line 275): https://haoze.ucmpcs.org:4433/annotations/9b7e12c2-fb2f-4b7f-a2b5-f395dab5203f
2017-05-27 15:25:46,839: INFO - mpcs_utils (line 259): https://haoze.ucmpcs.org:4433/annotations
2017-05-27 15:25:49,104: INFO - mpcs_utils (line 259): https://haoze.ucmpcs.org:4433/annotations
2017-05-27 15:25:50,820: INFO - mpcs_utils (line 259): https://haoze.ucmpcs.org:4433/annotations
2017-05-27 15:25:54,252: INFO - mpcs_utils (line 259): https://haoze.ucmpcs.org:4433/annotations
2017-05-27 15:26:00,281: INFO - mpcs_utils (line 160): https://haoze.ucmpcs.org:4433/annotate
2017-05-27 15:26:23,761: INFO - mpcs_utils (line 275): https://haoze.ucmpcs.org:4433/annotations/b56ba553-d793-4dcd-bb52-3eefac850ebb
2017-05-27 15:26:37,527: INFO - mpcs_utils (line 259): https://haoze.ucmpcs.org:4433/annotations
2017-05-27 15:26:38,964: INFO - mpcs_utils (line 275): https://haoze.ucmpcs.org:4433/annotations/6b369e05-d145-4d43-983b-814315a75c7d
2017-05-27 15:26:41,160: INFO - mpcs_utils (line 275): https://haoze.ucmpcs.org:4433/annotations/9b7e12c2-fb2f-4b7f-a2b5-f395dab5203f
2017-05-27 15:26:44,780: INFO - mpcs_utils (line 275): https://haoze.ucmpcs.org:4433/annotations/b56ba553-d793-4dcd-bb52-3eefac850ebb
2017-05-27 15:26:49,066: INFO - mpcs_utils (line 275): https://haoze.ucmpcs.org:4433/annotations/9b7e12c2-fb2f-4b7f-a2b5-f395dab5203f
2017-05-27 15:48:20,441: INFO - mpcs_utils (line 275): https://haoze.ucmpcs.org:4433/annotations/9b7e12c2-fb2f-4b7f-a2b5-f395dab5203f
2017-05-27 15:48:22,683: INFO - mpcs_utils (line 275): https://haoze.ucmpcs.org:4433/annotations/9b7e12c2-fb2f-4b7f-a2b5-f395dab5203f
2017-05-27 15:51:08,001: INFO - mpcs_utils (line 275): https://haoze.ucmpcs.org:4433/annotations/9b7e12c2-fb2f-4b7f-a2b5-f395dab5203f
2017-05-27 15:52:45,916: INFO - mpcs_utils (line 259): https://haoze.ucmpcs.org:4433/annotations
2017-05-27 15:52:47,813: INFO - mpcs_utils (line 275): https://haoze.ucmpcs.org:4433/annotations/9b7e12c2-fb2f-4b7f-a2b5-f395dab5203f
2017-05-27 15:55:38,788: INFO - mpcs_utils (line 275): https://haoze.ucmpcs.org:4433/annotations/9b7e12c2-fb2f-4b7f-a2b5-f395dab5203f
2017-05-27 15:55:40,420: INFO - mpcs_utils (line 259): https://haoze.ucmpcs.org:4433/annotations
2017-05-27 15:55:42,012: INFO - mpcs_utils (line 275): https://haoze.ucmpcs.org:4433/annotations/9b7e12c2-fb2f-4b7f-a2b5-f395dab5203f
2017-05-27 16:33:14,832: INFO - mpcs_utils (line 271): https://haoze.ucmpcs.org:4433/annotations/9b7e12c2-fb2f-4b7f-a2b5-f395dab5203f
2017-05-27 16:33:57,048: INFO - mpcs_utils (line 256): https://haoze.ucmpcs.org:4433/annotations
2017-05-27 16:33:59,290: INFO - mpcs_utils (line 271): https://haoze.ucmpcs.org:4433/annotations/425ce581-68fb-4581-9935-e4eec1c82f2d
2017-05-27 16:39:00,805: INFO - mpcs_utils (line 256): https://haoze.ucmpcs.org:4433/annotations
2017-05-27 16:39:03,033: INFO - mpcs_utils (line 271): https://haoze.ucmpcs.org:4433/annotations/9b7e12c2-fb2f-4b7f-a2b5-f395dab5203f
2017-05-27 16:43:12,926: INFO - mpcs_utils (line 256): https://haoze.ucmpcs.org:4433/annotations
2017-05-27 16:43:14,657: INFO - mpcs_utils (line 271): https://haoze.ucmpcs.org:4433/annotations/6b369e05-d145-4d43-983b-814315a75c7d
2017-05-27 16:43:31,329: INFO - mpcs_utils (line 271): https://haoze.ucmpcs.org:4433/annotations/425ce581-68fb-4581-9935-e4eec1c82f2d
2017-05-27 17:19:21,000: INFO - mpcs_utils (line 256): https://haoze.ucmpcs.org:4433/annotations
2017-05-27 17:19:23,145: INFO - mpcs_utils (line 271): https://haoze.ucmpcs.org:4433/annotations/425ce581-68fb-4581-9935-e4eec1c82f2d
2017-05-27 17:29:28,684: INFO - mpcs_utils (line 271): https://haoze.ucmpcs.org:4433/annotations/425ce581-68fb-4581-9935-e4eec1c82f2d
2017-05-27 17:29:31,481: INFO - mpcs_utils (line 271): https://haoze.ucmpcs.org:4433/annotations/425ce581-68fb-4581-9935-e4eec1c82f2d
2017-05-27 17:31:12,776: INFO - mpcs_utils (line 271): https://haoze.ucmpcs.org:4433/annotations/425ce581-68fb-4581-9935-e4eec1c82f2d
2017-05-27 17:33:23,952: INFO - mpcs_utils (line 271): https://haoze.ucmpcs.org:4433/annotations/425ce581-68fb-4581-9935-e4eec1c82f2d
2017-05-27 17:37:00,161: INFO - mpcs_utils (line 271): https://haoze.ucmpcs.org:4433/annotations/425ce581-68fb-4581-9935-e4eec1c82f2d
2017-05-27 17:45:18,383: INFO - mpcs_utils (line 271): https://haoze.ucmpcs.org:4433/annotations/425ce581-68fb-4581-9935-e4eec1c82f2d
2017-05-27 17:47:55,666: INFO - mpcs_utils (line 271): https://haoze.ucmpcs.org:4433/annotations/425ce581-68fb-4581-9935-e4eec1c82f2d
2017-05-27 17:48:00,077: INFO - mpcs_utils (line 271): https://haoze.ucmpcs.org:4433/annotations/425ce581-68fb-4581-9935-e4eec1c82f2d
2017-05-27 17:48:04,893: INFO - mpcs_utils (line 271): https://haoze.ucmpcs.org:4433/annotations/425ce581-68fb-4581-9935-e4eec1c82f2d
2017-05-27 17:51:31,044: INFO - mpcs_utils (line 271): https://haoze.ucmpcs.org:4433/annotations/425ce581-68fb-4581-9935-e4eec1c82f2d
2017-05-27 17:53:41,711: INFO - mpcs_utils (line 271): https://haoze.ucmpcs.org:4433/annotations/425ce581-68fb-4581-9935-e4eec1c82f2d
2017-05-27 17:55:44,545: INFO - mpcs_utils (line 271): https://haoze.ucmpcs.org:4433/annotations/425ce581-68fb-4581-9935-e4eec1c82f2d
2017-05-27 17:56:00,008: INFO - mpcs_utils (line 271): https://haoze.ucmpcs.org:4433/annotations/425ce581-68fb-4581-9935-e4eec1c82f2d
2017-05-27 17:56:04,263: INFO - mpcs_utils (line 271): https://haoze.ucmpcs.org:4433/annotations/425ce581-68fb-4581-9935-e4eec1c82f2d
2017-05-27 17:57:56,796: INFO - mpcs_utils (line 271): https://haoze.ucmpcs.org:4433/annotations/425ce581-68fb-4581-9935-e4eec1c82f2d
2017-05-27 17:58:19,729: INFO - mpcs_utils (line 256): https://haoze.ucmpcs.org:4433/annotations
2017-05-27 17:58:24,474: INFO - mpcs_utils (line 271): https://haoze.ucmpcs.org:4433/annotations/425ce581-68fb-4581-9935-e4eec1c82f2d
2017-05-27 18:01:44,703: INFO - mpcs_utils (line 271): https://haoze.ucmpcs.org:4433/annotations/425ce581-68fb-4581-9935-e4eec1c82f2d
2017-05-27 18:16:14,498: INFO - mpcs_utils (line 271): https://haoze.ucmpcs.org:4433/annotations/425ce581-68fb-4581-9935-e4eec1c82f2d
2017-05-27 18:17:26,531: INFO - mpcs_utils (line 271): https://haoze.ucmpcs.org:4433/annotations/425ce581-68fb-4581-9935-e4eec1c82f2d
2017-05-27 18:17:28,670: INFO - mpcs_utils (line 303): https://haoze.ucmpcs.org:4433/annotations/425ce581-68fb-4581-9935-e4eec1c82f2d/log
2017-05-27 18:24:56,692: INFO - mpcs_utils (line 256): https://haoze.ucmpcs.org:4433/annotations
2017-05-27 18:24:59,389: INFO - mpcs_utils (line 256): https://haoze.ucmpcs.org:4433/annotations
2017-05-27 18:26:35,275: INFO - mpcs_utils (line 256): https://haoze.ucmpcs.org:4433/annotations
2017-05-27 18:26:37,059: INFO - mpcs_utils (line 271): https://haoze.ucmpcs.org:4433/annotations/425ce581-68fb-4581-9935-e4eec1c82f2d
2017-05-27 18:26:49,914: INFO - mpcs_utils (line 303): https://haoze.ucmpcs.org:4433/annotations/425ce581-68fb-4581-9935-e4eec1c82f2d/log
2017-05-27 18:27:03,082: INFO - mpcs_utils (line 256): https://haoze.ucmpcs.org:4433/annotations
2017-05-27 18:31:43,149: INFO - mpcs_utils (line 256): https://haoze.ucmpcs.org:4433/annotations
2017-05-27 18:31:45,603: INFO - mpcs_utils (line 271): https://haoze.ucmpcs.org:4433/annotations/425ce581-68fb-4581-9935-e4eec1c82f2d
2017-05-27 18:31:51,868: INFO - mpcs_utils (line 271): https://haoze.ucmpcs.org:4433/annotations/6b369e05-d145-4d43-983b-814315a75c7d
2017-05-27 18:33:01,653: INFO - mpcs_utils (line 256): https://haoze.ucmpcs.org:4433/annotations
2017-05-27 18:33:03,414: INFO - mpcs_utils (line 271): https://haoze.ucmpcs.org:4433/annotations/6b369e05-d145-4d43-983b-814315a75c7d
2017-05-27 18:33:08,281: INFO - mpcs_utils (line 256): https://haoze.ucmpcs.org:4433/annotations
2017-05-27 18:38:35,804: INFO - mpcs_utils (line 256): https://haoze.ucmpcs.org:4433/annotations
2017-05-27 18:38:42,022: INFO - mpcs_utils (line 271): https://haoze.ucmpcs.org:4433/annotations/9b7e12c2-fb2f-4b7f-a2b5-f395dab5203f
2017-05-27 18:38:49,569: INFO - mpcs_utils (line 256): https://haoze.ucmpcs.org:4433/annotations
2017-05-27 19:48:44,287: INFO - mpcs_utils (line 55): https://haoze.ucmpcs.org/register?nsukey=Rmt%2FnDB%2Bs5lAPQw2YJaGCehF1Bj45MEsyPQkauAY6OCYjDK8Q7ivpI71up1TqgrAQk0Bt11Al%2BKsQpidGvDfvk%2BxSIBRmNpgoY5w88CFdvrPzCUpB2akpJWjF1g7dYOD826VR9vGOmlo0KmVgymAgst%2FqnJzdu1dH65tLzUW1ZyibAqeURJWjQT9rE7NxLKw
2017-05-27 19:48:47,366: INFO - mpcs_utils (line 55): https://haoze.ucmpcs.org/register?nsukey=Rmt%2FnDB%2Bs5lAPQw2YJaGCehF1Bj45MEsyPQkauAY6OCYjDK8Q7ivpI71up1TqgrAQk0Bt11Al%2BKsQpidGvDfvk%2BxSIBRmNpgoY5w88CFdvrPzCUpB2akpJWjF1g7dYOD826VR9vGOmlo0KmVgymAgst%2FqnJzdu1dH65tLzUW1ZyibAqeURJWjQT9rE7NxLKw
2017-05-27 19:48:50,609: INFO - mpcs_utils (line 55): https://haoze.ucmpcs.org:4433/register?nsukey=Rmt%2FnDB%2Bs5lAPQw2YJaGCehF1Bj45MEsyPQkauAY6OCYjDK8Q7ivpI71up1TqgrAQk0Bt11Al%2BKsQpidGvDfvk%2BxSIBRmNpgoY5w88CFdvrPzCUpB2akpJWjF1g7dYOD826VR9vGOmlo0KmVgymAgst%2FqnJzdu1dH65tLzUW1ZyibAqeURJWjQT9rE7NxLKw
2017-05-27 19:51:22,221: INFO - mpcs_utils (line 256): https://haoze.ucmpcs.org:4433/annotations
2017-05-27 19:51:34,269: INFO - mpcs_utils (line 271): https://haoze.ucmpcs.org:4433/annotations/9b7e12c2-fb2f-4b7f-a2b5-f395dab5203f
2017-05-27 19:51:52,881: INFO - mpcs_utils (line 55): https://haoze.ucmpcs.org/register?nsukey=8jSnmcrndInCIBV5PcioxShL4nAII9rG26l49XYgSgQWsizkFR98oG00peeCoeokKWm3ukf%2FeGA3fr5HjwSmJ5sxfvXIKhRcomLXlQ%2Bb%2FgQG%2B22%2FVc%2BVVtKybXNpLj1AUQMQBCQ51Aea4raThwAROOmb5Ps4ldEw1IZeQDWAc2pUBNcR9wcx0%2FbxFgJAgMiw
2017-05-27 19:51:53,532: INFO - mpcs_utils (line 55): https://haoze.ucmpcs.org/register?nsukey=8jSnmcrndInCIBV5PcioxShL4nAII9rG26l49XYgSgQWsizkFR98oG00peeCoeokKWm3ukf%2FeGA3fr5HjwSmJ5sxfvXIKhRcomLXlQ%2Bb%2FgQG%2B22%2FVc%2BVVtKybXNpLj1AUQMQBCQ51Aea4raThwAROOmb5Ps4ldEw1IZeQDWAc2pUBNcR9wcx0%2FbxFgJAgMiw
2017-05-27 19:51:54,989: INFO - mpcs_utils (line 55): https://haoze.ucmpcs.org/register?nsukey=8jSnmcrndInCIBV5PcioxShL4nAII9rG26l49XYgSgQWsizkFR98oG00peeCoeokKWm3ukf%2FeGA3fr5HjwSmJ5sxfvXIKhRcomLXlQ%2Bb%2FgQG%2B22%2FVc%2BVVtKybXNpLj1AUQMQBCQ51Aea4raThwAROOmb5Ps4ldEw1IZeQDWAc2pUBNcR9wcx0%2FbxFgJAgMiw
2017-05-27 19:51:56,839: INFO - mpcs_utils (line 55): https://haoze.ucmpcs.org/register?nsukey=8jSnmcrndInCIBV5PcioxShL4nAII9rG26l49XYgSgQWsizkFR98oG00peeCoeokKWm3ukf%2FeGA3fr5HjwSmJ5sxfvXIKhRcomLXlQ%2Bb%2FgQG%2B22%2FVc%2BVVtKybXNpLj1AUQMQBCQ51Aea4raThwAROOmb5Ps4ldEw1IZeQDWAc2pUBNcR9wcx0%2FbxFgJAgMiw
2017-05-27 19:52:01,634: INFO - mpcs_utils (line 55): https://haoze.ucmpcs.org:4433/register?nsukey=8jSnmcrndInCIBV5PcioxShL4nAII9rG26l49XYgSgQWsizkFR98oG00peeCoeokKWm3ukf%2FeGA3fr5HjwSmJ5sxfvXIKhRcomLXlQ%2Bb%2FgQG%2B22%2FVc%2BVVtKybXNpLj1AUQMQBCQ51Aea4raThwAROOmb5Ps4ldEw1IZeQDWAc2pUBNcR9wcx0%2FbxFgJAgMiw
2017-05-27 19:52:16,664: INFO - mpcs_utils (line 55): https://haoze.ucmpcs.org/register?nsukey=B%2BmRKxf39zrskVezj0qmNyg6ChRR30t5Nf9oLPn2Xiw5K2ygMwI4Uz3CGTKDNNHsSBDLQaXo4EFYyevggYhIckIhLPMeLDVc6mF6mK%2BBx6NaTKyCfouuppngW2Hz5FIHzL%2FO4anQ24yUT3KDuSkh%2B%2FRJoCz12a9X9i0KiIME%2BWD4YbFhGCEL4yGCSnypgfu1
2017-05-27 19:52:20,325: INFO - mpcs_utils (line 55): https://haoze.ucmpcs.org/register?nsukey=B%2BmRKxf39zrskVezj0qmNyg6ChRR30t5Nf9oLPn2Xiw5K2ygMwI4Uz3CGTKDNNHsSBDLQaXo4EFYyevggYhIckIhLPMeLDVc6mF6mK%2BBx6NaTKyCfouuppngW2Hz5FIHzL%2FO4anQ24yUT3KDuSkh%2B%2FRJoCz12a9X9i0KiIME%2BWD4YbFhGCEL4yGCSnypgfu1
2017-05-27 19:52:22,515: INFO - mpcs_utils (line 55): https://haoze.ucmpcs.org:4433/register?nsukey=B%2BmRKxf39zrskVezj0qmNyg6ChRR30t5Nf9oLPn2Xiw5K2ygMwI4Uz3CGTKDNNHsSBDLQaXo4EFYyevggYhIckIhLPMeLDVc6mF6mK%2BBx6NaTKyCfouuppngW2Hz5FIHzL%2FO4anQ24yUT3KDuSkh%2B%2FRJoCz12a9X9i0KiIME%2BWD4YbFhGCEL4yGCSnypgfu1
2017-05-27 19:52:59,204: INFO - mpcs_utils (line 256): https://haoze.ucmpcs.org:4433/annotations
2017-05-27 19:53:03,117: INFO - mpcs_utils (line 271): https://haoze.ucmpcs.org:4433/annotations/425ce581-68fb-4581-9935-e4eec1c82f2d
2017-05-27 19:57:38,612: INFO - mpcs_utils (line 55): https://haoze.ucmpcs.org/register?nsukey=u32EP8yWvMDTsWYy7Zgs6WIk6GlYTeB0xnD%2BFeoL%2BWj7%2Bspy79kvwusDI%2B%2BEwNgFluVNIWvzFt%2FxvUeOmqYNchagcefzlU5KuU1Zjin8p3iSu4Z6xyG7UrRbEjZuwExphC%2BqVBdNarqkit2V7CAvQnzclOxVg6j%2FQMCTMMLldEzoQ63%2B7R6VTALjwC%2F9vFaj
2017-05-27 19:57:40,728: INFO - mpcs_utils (line 55): https://haoze.ucmpcs.org/register?nsukey=u32EP8yWvMDTsWYy7Zgs6WIk6GlYTeB0xnD%2BFeoL%2BWj7%2Bspy79kvwusDI%2B%2BEwNgFluVNIWvzFt%2FxvUeOmqYNchagcefzlU5KuU1Zjin8p3iSu4Z6xyG7UrRbEjZuwExphC%2BqVBdNarqkit2V7CAvQnzclOxVg6j%2FQMCTMMLldEzoQ63%2B7R6VTALjwC%2F9vFaj
2017-05-27 19:57:44,225: INFO - mpcs_utils (line 55): https://haoze.ucmpcs.org:4433/register?nsukey=u32EP8yWvMDTsWYy7Zgs6WIk6GlYTeB0xnD%2BFeoL%2BWj7%2Bspy79kvwusDI%2B%2BEwNgFluVNIWvzFt%2FxvUeOmqYNchagcefzlU5KuU1Zjin8p3iSu4Z6xyG7UrRbEjZuwExphC%2BqVBdNarqkit2V7CAvQnzclOxVg6j%2FQMCTMMLldEzoQ63%2B7R6VTALjwC%2F9vFaj
2017-05-27 19:58:47,796: INFO - mpcs_utils (line 55): https://haoze.ucmpcs.org:4433/register?nsukey=u32EP8yWvMDTsWYy7Zgs6WIk6GlYTeB0xnD%2BFeoL%2BWj7%2Bspy79kvwusDI%2B%2BEwNgFluVNIWvzFt%2FxvUeOmqYNchagcefzlU5KuU1Zjin8p3iSu4Z6xyG7UrRbEjZuwExphC%2BqVBdNarqkit2V7CAvQnzclOxVg6j%2FQMCTMMLldEzoQ63%2B7R6VTALjwC%2F9vFaj
2017-05-27 20:05:30,039: INFO - mpcs_utils (line 55): https://haoze.ucmpcs.org:4433/register?nsukey=B%2BmRKxf39zrskVezj0qmNyg6ChRR30t5Nf9oLPn2Xiw5K2ygMwI4Uz3CGTKDNNHsSBDLQaXo4EFYyevggYhIckIhLPMeLDVc6mF6mK%2BBx6NaTKyCfouuppngW2Hz5FIHzL%2FO4anQ24yUT3KDuSkh%2B%2FRJoCz12a9X9i0KiIME%2BWD4YbFhGCEL4yGCSnypgfu1
2017-05-28 18:34:41,167: INFO - mpcs_utils (line 258): https://haoze.ucmpcs.org:4433/annotations
2017-05-28 18:34:44,932: INFO - mpcs_utils (line 273): https://haoze.ucmpcs.org:4433/annotations/425ce581-68fb-4581-9935-e4eec1c82f2d
2017-05-28 18:39:44,619: INFO - mpcs_utils (line 149): https://haoze.ucmpcs.org:4433/profile
2017-05-28 18:39:53,351: INFO - mpcs_utils (line 258): https://haoze.ucmpcs.org:4433/annotations
2017-05-28 18:39:55,020: INFO - mpcs_utils (line 273): https://haoze.ucmpcs.org:4433/annotations/9b7e12c2-fb2f-4b7f-a2b5-f395dab5203f
2017-05-28 18:43:29,084: INFO - mpcs_utils (line 149): https://haoze.ucmpcs.org:4433/profile
2017-05-28 18:46:06,061: INFO - mpcs_utils (line 149): https://haoze.ucmpcs.org:4433/profile
2017-05-28 18:52:40,541: INFO - mpcs_utils (line 149): https://haoze.ucmpcs.org:4433/profile
2017-05-28 18:54:15,317: INFO - mpcs_utils (line 149): https://haoze.ucmpcs.org:4433/profile
2017-05-28 21:49:01,980: INFO - mpcs_utils (line 149): https://haoze.ucmpcs.org:4433/profile
2017-05-28 21:53:16,341: INFO - mpcs_utils (line 149): https://haoze.ucmpcs.org:4433/profile
2017-05-28 22:39:54,972: INFO - mpcs_utils (line 151): https://haoze.ucmpcs.org:4433/profile
2017-05-29 01:19:29,364: INFO - mpcs_utils (line 112): https://haoze.ucmpcs.org:4433/logout
2017-05-29 01:19:29,621: INFO - mpcs_utils (line 94): https://haoze.ucmpcs.org:4433/login
2017-05-29 01:19:30,808: INFO - mpcs_utils (line 55): https://haoze.ucmpcs.org:4433/register
2017-06-03 19:39:39,638: INFO - mpcs_utils (line 94): https://haoze.ucmpcs.org:4433/login
2017-06-03 19:39:45,418: INFO - mpcs_utils (line 265): https://haoze.ucmpcs.org:4433/annotations
2017-06-03 19:39:49,211: INFO - mpcs_utils (line 280): https://haoze.ucmpcs.org:4433/annotations/9b7e12c2-fb2f-4b7f-a2b5-f395dab5203f
2017-06-03 19:39:59,114: INFO - mpcs_utils (line 265): https://haoze.ucmpcs.org:4433/annotations
2017-06-03 19:40:04,831: INFO - mpcs_utils (line 156): https://haoze.ucmpcs.org:4433/profile
2017-06-03 22:11:11,464: INFO - mpcs_utils (line 139): https://haoze.ucmpcs.org:4433/subscribe
2017-06-03 22:12:53,688: INFO - mpcs_utils (line 139): https://haoze.ucmpcs.org:4433/subscribe
2017-06-03 22:15:23,946: INFO - mpcs_utils (line 139): https://haoze.ucmpcs.org:4433/subscribe
2017-06-03 23:58:05,051: INFO - mpcs_utils (line 139): https://haoze.ucmpcs.org:4433/subscribe
2017-06-03 23:59:42,563: INFO - mpcs_utils (line 139): https://haoze.ucmpcs.org:4433/subscribe
2017-06-04 02:35:35,576: INFO - mpcs_utils (line 269): https://haoze.ucmpcs.org:4433/annotations
2017-06-04 02:35:38,025: INFO - mpcs_utils (line 284): https://haoze.ucmpcs.org:4433/annotations/9b7e12c2-fb2f-4b7f-a2b5-f395dab5203f
2017-06-04 02:35:43,706: INFO - mpcs_utils (line 284): https://haoze.ucmpcs.org:4433/annotations/425ce581-68fb-4581-9935-e4eec1c82f2d
2017-06-04 02:37:53,800: INFO - mpcs_utils (line 284): https://haoze.ucmpcs.org:4433/annotations/425ce581-68fb-4581-9935-e4eec1c82f2d
2017-06-04 02:37:57,215: INFO - mpcs_utils (line 269): https://haoze.ucmpcs.org:4433/annotations
2017-06-04 02:37:59,241: INFO - mpcs_utils (line 284): https://haoze.ucmpcs.org:4433/annotations/9b7e12c2-fb2f-4b7f-a2b5-f395dab5203f
2017-06-04 02:43:59,405: INFO - mpcs_utils (line 284): https://haoze.ucmpcs.org:4433/annotations/9b7e12c2-fb2f-4b7f-a2b5-f395dab5203f
2017-06-04 02:48:03,128: INFO - mpcs_utils (line 284): https://haoze.ucmpcs.org:4433/annotations/9b7e12c2-fb2f-4b7f-a2b5-f395dab5203f
2017-06-04 02:48:32,070: INFO - mpcs_utils (line 269): https://haoze.ucmpcs.org:4433/annotations
2017-06-04 02:48:33,930: INFO - mpcs_utils (line 284): https://haoze.ucmpcs.org:4433/annotations/9b7e12c2-fb2f-4b7f-a2b5-f395dab5203f
2017-06-04 02:48:52,368: INFO - mpcs_utils (line 139): https://haoze.ucmpcs.org:4433/subscribe
2017-06-05 16:02:49,167: INFO - mpcs_utils (line 94): https://haoze.ucmpcs.org:4433/login
2017-06-05 16:02:52,811: INFO - mpcs_utils (line 269): https://haoze.ucmpcs.org:4433/annotations
2017-06-05 16:02:56,566: INFO - mpcs_utils (line 284): https://haoze.ucmpcs.org:4433/annotations/9b7e12c2-fb2f-4b7f-a2b5-f395dab5203f
2017-06-05 16:04:31,839: INFO - mpcs_utils (line 269): https://haoze.ucmpcs.org:4433/annotations
2017-06-05 16:04:33,352: INFO - mpcs_utils (line 284): https://haoze.ucmpcs.org:4433/annotations/9b7e12c2-fb2f-4b7f-a2b5-f395dab5203f
2017-06-05 16:16:24,626: INFO - mpcs_utils (line 269): https://haoze.ucmpcs.org:4433/annotations
2017-06-05 16:19:54,056: INFO - mpcs_utils (line 269): https://haoze.ucmpcs.org:4433/annotations
2017-06-05 16:25:20,050: INFO - mpcs_utils (line 269): https://haoze.ucmpcs.org:4433/annotations
2017-06-05 16:25:22,026: INFO - mpcs_utils (line 286): https://haoze.ucmpcs.org:4433/annotations/9b7e12c2-fb2f-4b7f-a2b5-f395dab5203f
2017-06-05 17:55:47,824: INFO - mpcs_utils (line 279): https://haoze.ucmpcs.org:4433/annotations
2017-06-05 17:55:49,394: INFO - mpcs_utils (line 296): https://haoze.ucmpcs.org:4433/annotations/9b7e12c2-fb2f-4b7f-a2b5-f395dab5203f
2017-06-05 17:56:51,584: INFO - mpcs_utils (line 139): https://haoze.ucmpcs.org:4433/subscribe
2017-06-05 18:04:24,492: INFO - mpcs_utils (line 139): https://haoze.ucmpcs.org:4433/subscribe
2017-06-05 18:05:52,135: INFO - mpcs_utils (line 139): https://haoze.ucmpcs.org:4433/subscribe
2017-06-05 18:07:17,294: INFO - mpcs_utils (line 139): https://haoze.ucmpcs.org:4433/subscribe
2017-06-05 18:08:56,358: INFO - mpcs_utils (line 139): https://haoze.ucmpcs.org:4433/subscribe
2017-06-05 18:57:12,367: INFO - mpcs_utils (line 281): https://haoze.ucmpcs.org:4433/annotations
2017-06-05 18:57:13,611: INFO - mpcs_utils (line 298): https://haoze.ucmpcs.org:4433/annotations/9b7e12c2-fb2f-4b7f-a2b5-f395dab5203f
2017-06-05 18:57:43,964: INFO - mpcs_utils (line 139): https://haoze.ucmpcs.org:4433/subscribe
2017-06-05 19:17:45,266: INFO - mpcs_utils (line 139): https://haoze.ucmpcs.org:4433/subscribe
2017-06-05 19:22:58,306: INFO - mpcs_utils (line 139): https://haoze.ucmpcs.org:4433/subscribe
2017-06-05 19:27:19,042: INFO - mpcs_utils (line 139): https://haoze.ucmpcs.org:4433/subscribe
2017-06-05 19:28:46,152: INFO - mpcs_utils (line 139): https://haoze.ucmpcs.org:4433/subscribe
2017-06-05 19:35:16,176: INFO - mpcs_utils (line 139): https://haoze.ucmpcs.org:4433/subscribe
2017-06-05 19:37:06,138: INFO - mpcs_utils (line 139): https://haoze.ucmpcs.org:4433/subscribe
2017-06-05 19:51:44,758: INFO - mpcs_utils (line 139): https://haoze.ucmpcs.org:4433/subscribe
2017-06-05 19:54:53,546: INFO - mpcs_utils (line 139): https://haoze.ucmpcs.org:4433/subscribe
2017-06-05 19:55:58,702: INFO - mpcs_utils (line 139): https://haoze.ucmpcs.org:4433/subscribe
2017-06-05 19:57:06,334: INFO - mpcs_utils (line 139): https://haoze.ucmpcs.org:4433/subscribe
2017-06-05 20:24:23,171: INFO - mpcs_utils (line 139): https://haoze.ucmpcs.org:4433/subscribe
2017-06-05 20:43:06,184: INFO - mpcs_utils (line 139): https://haoze.ucmpcs.org:4433/subscribe
2017-06-05 21:12:47,984: INFO - mpcs_utils (line 286): https://haoze.ucmpcs.org:4433/annotations
2017-06-05 21:12:49,737: INFO - mpcs_utils (line 303): https://haoze.ucmpcs.org:4433/annotations/9b7e12c2-fb2f-4b7f-a2b5-f395dab5203f
2017-06-05 21:26:48,662: INFO - mpcs_utils (line 290): https://haoze.ucmpcs.org:4433/annotations
2017-06-05 21:28:03,342: INFO - mpcs_utils (line 290): https://haoze.ucmpcs.org:4433/annotations
2017-06-05 21:28:54,478: INFO - mpcs_utils (line 290): https://haoze.ucmpcs.org:4433/annotations
2017-06-05 21:28:59,660: INFO - mpcs_utils (line 307): https://haoze.ucmpcs.org:4433/annotations/9b7e12c2-fb2f-4b7f-a2b5-f395dab5203f
2017-06-05 23:35:55,172: INFO - mpcs_utils (line 290): https://haoze.ucmpcs.org:4433/annotations
2017-06-05 23:35:56,719: INFO - mpcs_utils (line 194): https://haoze.ucmpcs.org:4433/annotate
2017-06-05 23:36:46,186: INFO - mpcs_utils (line 307): https://haoze.ucmpcs.org:4433/annotations/d25f65f3-368e-4cad-a241-19ef6abb7ee6
2017-06-05 23:48:13,594: INFO - mpcs_utils (line 292): https://haoze.ucmpcs.org:4433/annotations
2017-06-05 23:48:16,124: INFO - mpcs_utils (line 194): https://haoze.ucmpcs.org:4433/annotate
2017-06-05 23:49:18,060: INFO - mpcs_utils (line 194): https://haoze.ucmpcs.org:4433/annotate
2017-06-05 23:57:57,817: INFO - mpcs_utils (line 292): https://haoze.ucmpcs.org:4433/annotations
2017-06-05 23:58:05,702: INFO - mpcs_utils (line 194): https://haoze.ucmpcs.org:4433/annotate
2017-06-05 23:59:47,663: INFO - mpcs_utils (line 292): https://haoze.ucmpcs.org:4433/annotations
2017-06-05 23:59:49,921: INFO - mpcs_utils (line 194): https://haoze.ucmpcs.org:4433/annotate
2017-06-06 00:05:59,700: INFO - mpcs_utils (line 292): https://haoze.ucmpcs.org:4433/annotations
2017-06-06 00:06:05,941: INFO - mpcs_utils (line 194): https://haoze.ucmpcs.org:4433/annotate
2017-06-06 00:13:38,137: INFO - mpcs_utils (line 292): https://haoze.ucmpcs.org:4433/annotations
2017-06-06 00:13:39,125: INFO - mpcs_utils (line 194): https://haoze.ucmpcs.org:4433/annotate
2017-06-06 00:13:45,282: INFO - mpcs_utils (line 292): https://haoze.ucmpcs.org:4433/annotations
2017-06-06 00:20:32,660: INFO - mpcs_utils (line 292): https://haoze.ucmpcs.org:4433/annotations
2017-06-06 00:20:46,749: INFO - mpcs_utils (line 309): https://haoze.ucmpcs.org:4433/annotations/9b7e12c2-fb2f-4b7f-a2b5-f395dab5203f
2017-06-06 00:20:49,357: INFO - mpcs_utils (line 309): https://haoze.ucmpcs.org:4433/annotations/44542a6d-eff6-4a71-932e-b5ee1292c893
2017-06-06 00:20:51,727: INFO - mpcs_utils (line 309): https://haoze.ucmpcs.org:4433/annotations/50176aba-242c-4260-89a2-a571f5cbff4f
2017-06-06 00:20:54,133: INFO - mpcs_utils (line 309): https://haoze.ucmpcs.org:4433/annotations/1ec79e7c-b20a-479e-aba8-13ad46ce0727
2017-06-06 00:21:10,748: INFO - mpcs_utils (line 181): https://haoze.ucmpcs.org:4433/profile
2017-06-06 00:21:19,098: INFO - mpcs_utils (line 292): https://haoze.ucmpcs.org:4433/annotations
2017-06-06 00:27:51,590: INFO - mpcs_utils (line 292): https://haoze.ucmpcs.org:4433/annotations
2017-06-06 00:27:52,418: INFO - mpcs_utils (line 194): https://haoze.ucmpcs.org:4433/annotate
2017-06-06 00:28:44,540: INFO - mpcs_utils (line 309): https://haoze.ucmpcs.org:4433/annotations/b473fa48-d5e7-41ef-8ef9-2c942292a9c8
2017-06-06 00:28:44,643: INFO - mpcs_utils (line 94): https://haoze.ucmpcs.org:4433/login?redirect_url=https://haoze.ucmpcs.org:4433/annotations/b473fa48-d5e7-41ef-8ef9-2c942292a9c8
2017-06-06 00:30:13,069: INFO - mpcs_utils (line 292): https://haoze.ucmpcs.org:4433/annotations
2017-06-06 00:30:14,331: INFO - mpcs_utils (line 194): https://haoze.ucmpcs.org:4433/annotate
2017-06-06 00:33:51,069: INFO - mpcs_utils (line 292): https://haoze.ucmpcs.org:4433/annotations
2017-06-06 00:33:52,454: INFO - mpcs_utils (line 194): https://haoze.ucmpcs.org:4433/annotate
2017-06-06 00:39:20,304: INFO - mpcs_utils (line 292): https://haoze.ucmpcs.org:4433/annotations
2017-06-06 00:39:21,908: INFO - mpcs_utils (line 194): https://haoze.ucmpcs.org:4433/annotate
2017-06-06 00:46:15,292: INFO - mpcs_utils (line 112): https://haoze.ucmpcs.org:4433/logout
2017-06-06 00:46:15,356: INFO - mpcs_utils (line 94): https://haoze.ucmpcs.org:4433/login
2017-06-06 00:46:17,998: INFO - mpcs_utils (line 55): https://haoze.ucmpcs.org:4433/register
2017-06-06 00:46:37,096: INFO - mpcs_utils (line 77): https://haoze.ucmpcs.org:4433/register/9ea537cd33c047c78905f920b500d37d
2017-06-06 00:46:39,308: INFO - mpcs_utils (line 94): https://haoze.ucmpcs.org:4433/login
2017-06-06 00:46:43,696: INFO - mpcs_utils (line 292): https://haoze.ucmpcs.org:4433/annotations
2017-06-06 00:46:46,963: INFO - mpcs_utils (line 194): https://haoze.ucmpcs.org:4433/annotate
2017-06-06 00:47:21,296: INFO - mpcs_utils (line 292): https://haoze.ucmpcs.org:4433/annotations
2017-06-06 00:47:27,268: INFO - mpcs_utils (line 292): https://haoze.ucmpcs.org:4433/annotations
2017-06-06 00:47:29,997: INFO - mpcs_utils (line 292): https://haoze.ucmpcs.org:4433/annotations
2017-06-06 00:47:34,798: INFO - mpcs_utils (line 292): https://haoze.ucmpcs.org:4433/annotations
2017-06-06 00:47:41,997: INFO - mpcs_utils (line 292): https://haoze.ucmpcs.org:4433/annotations
2017-06-06 00:47:44,408: INFO - mpcs_utils (line 292): https://haoze.ucmpcs.org:4433/annotations
2017-06-06 00:47:46,610: INFO - mpcs_utils (line 292): https://haoze.ucmpcs.org:4433/annotations
2017-06-06 00:47:49,000: INFO - mpcs_utils (line 292): https://haoze.ucmpcs.org:4433/annotations
2017-06-06 00:48:05,959: INFO - mpcs_utils (line 309): https://haoze.ucmpcs.org:4433/annotations/088bd979-3325-4538-95f2-a03a9baf31d8
2017-06-06 00:49:09,337: INFO - mpcs_utils (line 292): https://haoze.ucmpcs.org:4433/annotations
